<?xml version="1.0" encoding="UTF-8"?>
<!-- Generated by org.testng.reporters.JUnitReportReporter -->
<testsuite hostname="LAPTOP-1LNDJ6JU" failures="0" tests="1" name="tests.TC_001ValidLoginTest" time="4.896" errors="0" timestamp="2025-08-08T07:55:19 IST" skipped="0">
  <testcase classname="tests.TC_001ValidLoginTest" name="validLogin" time="4.896"/>
  <system-out/>
</testsuite> <!-- tests.TC_001ValidLoginTest -->
