<?xml version="1.0" encoding="UTF-8"?>
<!-- Generated by org.testng.reporters.JUnitReportReporter -->
<testsuite hostname="LAPTOP-1LNDJ6JU" failures="0" tests="4" name="tests.TC_002InvalidLoginTest" time="16.879" errors="0" timestamp="2025-08-08T07:55:19 IST" skipped="0">
  <testcase classname="tests.TC_002InvalidLoginTest" name="invalidLogin" time="4.411"/>
  <system-out/>
  <testcase classname="tests.TC_002InvalidLoginTest" name="invalidLogin" time="4.108"/>
  <system-out/>
  <testcase classname="tests.TC_002InvalidLoginTest" name="invalidLogin" time="4.075"/>
  <system-out/>
  <testcase classname="tests.TC_002InvalidLoginTest" name="invalidLogin" time="4.285"/>
  <system-out/>
</testsuite> <!-- tests.TC_002InvalidLoginTest -->
