<?xml version="1.0" encoding="UTF-8"?>
<!-- Generated by org.testng.reporters.JUnitReportReporter -->
<testsuite hostname="LAPTOP-1LNDJ6JU" failures="0" tests="1" name="tests.TC_003UITest" time="5.352" errors="0" timestamp="2025-08-08T07:55:19 IST" skipped="0">
  <testcase classname="tests.TC_003UITest" name="checkPasswordMaskingAndUnmasking" time="5.352"/>
  <system-out/>
</testsuite> <!-- tests.TC_003UITest -->
